  game.cpp
D:\DxLib\DxLibNoneModel_VC\DxLib.h(3964,1): warning C4819: ファイルは、現在のコード ページ (932) で表示できない文字を含んでいます。データの損失を防ぐために、ファイルを Unicode 形式で保存してください。
D:\Programing\DirectX\DxLibProject\BlockOut\System\fps.h(22,2): warning C4091: 'typedef ': 変数が何も宣言されていないときは、'ST_FPS' の左辺を無視します。
D:\Programing\DirectX\DxLibProject\BlockOut\game.cpp(458,57): warning C4244: '=': 'float' から 'int' への変換です。データが失われる可能性があります。
D:\Programing\DirectX\DxLibProject\BlockOut\game.cpp(473,53): warning C4244: '引数': 'float' から 'int' への変換です。データが失われる可能性があります。
D:\Programing\DirectX\DxLibProject\BlockOut\game.cpp(496,58): warning C4244: '=': 'float' から 'int' への変換です。データが失われる可能性があります。
D:\Programing\DirectX\DxLibProject\BlockOut\game.cpp(511,102): warning C4244: '引数': 'float' から 'int' への変換です。データが失われる可能性があります。
  Ball.cpp
D:\DxLib\DxLibNoneModel_VC\DxLib.h(3964,1): warning C4819: ファイルは、現在のコード ページ (932) で表示できない文字を含んでいます。データの損失を防ぐために、ファイルを Unicode 形式で保存してください。
D:\Programing\DirectX\DxLibProject\BlockOut\Game\Ball.cpp(57,48): warning C4244: '引数': 'float' から 'int' への変換です。データが失われる可能性があります。
  Block.cpp
D:\DxLib\DxLibNoneModel_VC\DxLib.h(3964,1): warning C4819: ファイルは、現在のコード ページ (932) で表示できない文字を含んでいます。データの損失を防ぐために、ファイルを Unicode 形式で保存してください。
  geometory.cpp
D:\DxLib\DxLibNoneModel_VC\DxLib.h(3964,1): warning C4819: ファイルは、現在のコード ページ (932) で表示できない文字を含んでいます。データの損失を防ぐために、ファイルを Unicode 形式で保存してください。
D:\Programing\DirectX\DxLibProject\BlockOut\geometory.cpp(109,16): warning C4244: '=': 'LONG' から 'float' への変換です。データが失われる可能性があります。
D:\Programing\DirectX\DxLibProject\BlockOut\geometory.cpp(110,16): warning C4244: '=': 'LONG' から 'float' への変換です。データが失われる可能性があります。
D:\Programing\DirectX\DxLibProject\BlockOut\geometory.cpp(137,20): warning C4244: '=': 'LONG' から 'float' への変換です。データが失われる可能性があります。
D:\Programing\DirectX\DxLibProject\BlockOut\geometory.cpp(138,20): warning C4244: '=': 'LONG' から 'float' への変換です。データが失われる可能性があります。
D:\Programing\DirectX\DxLibProject\BlockOut\geometory.cpp(158,48): warning C4244: '引数': 'float' から 'int' への変換です。データが失われる可能性があります。
  main.cpp
D:\DxLib\DxLibNoneModel_VC\DxLib.h(3964,1): warning C4819: ファイルは、現在のコード ページ (932) で表示できない文字を含んでいます。データの損失を防ぐために、ファイルを Unicode 形式で保存してください。
D:\Programing\DirectX\DxLibProject\BlockOut\System\fps.h(22,2): warning C4091: 'typedef ': 変数が何も宣言されていないときは、'ST_FPS' の左辺を無視します。
  Button.cpp
D:\DxLib\DxLibNoneModel_VC\DxLib.h(3964,1): warning C4819: ファイルは、現在のコード ページ (932) で表示できない文字を含んでいます。データの損失を防ぐために、ファイルを Unicode 形式で保存してください。
D:\Programing\DirectX\DxLibProject\BlockOut\System\Button.cpp(24,84): warning C4267: '引数': 'size_t' から 'int' に変換しました。データが失われているかもしれません。
  コードを生成中...
  font.cpp
D:\Programing\DirectX\DxLib_VC\プロジェクトに追加すべきファイル_VC用\DxLib.h(1,1): warning C4819: ファイルは、現在のコード ページ (932) で表示できない文字を含んでいます。データの損失を防ぐために、ファイルを Unicode 形式で保存してください。
D:\Programing\DirectX\DxLib_VC\プロジェクトに追加すべきファイル_VC用\DxLib.h(406,1): warning C4819: ファイルは、現在のコード ページ (932) で表示できない文字を含んでいます。データの損失を防ぐために、ファイルを Unicode 形式で保存してください。
D:\Programing\DirectX\DxLib_VC\プロジェクトに追加すべきファイル_VC用\DxLib.h(803,1): warning C4819: ファイルは、現在のコード ページ (932) で表示できない文字を含んでいます。データの損失を防ぐために、ファイルを Unicode 形式で保存してください。
D:\Programing\DirectX\DxLib_VC\プロジェクトに追加すべきファイル_VC用\DxLib.h(1328,1): warning C4819: ファイルは、現在のコード ページ (932) で表示できない文字を含んでいます。データの損失を防ぐために、ファイルを Unicode 形式で保存してください。
D:\Programing\DirectX\DxLib_VC\プロジェクトに追加すべきファイル_VC用\DxLib.h(1842,1): warning C4819: ファイルは、現在のコード ページ (932) で表示できない文字を含んでいます。データの損失を防ぐために、ファイルを Unicode 形式で保存してください。
D:\Programing\DirectX\DxLib_VC\プロジェクトに追加すべきファイル_VC用\DxLib.h(2183,1): warning C4819: ファイルは、現在のコード ページ (932) で表示できない文字を含んでいます。データの損失を防ぐために、ファイルを Unicode 形式で保存してください。
D:\Programing\DirectX\DxLib_VC\プロジェクトに追加すべきファイル_VC用\DxLib.h(2377,1): warning C4819: ファイルは、現在のコード ページ (932) で表示できない文字を含んでいます。データの損失を防ぐために、ファイルを Unicode 形式で保存してください。
D:\Programing\DirectX\DxLib_VC\プロジェクトに追加すべきファイル_VC用\DxLib.h(2572,1): warning C4819: ファイルは、現在のコード ページ (932) で表示できない文字を含んでいます。データの損失を防ぐために、ファイルを Unicode 形式で保存してください。
D:\Programing\DirectX\DxLib_VC\プロジェクトに追加すべきファイル_VC用\DxLib.h(2716,1): warning C4819: ファイルは、現在のコード ページ (932) で表示できない文字を含んでいます。データの損失を防ぐために、ファイルを Unicode 形式で保存してください。
D:\Programing\DirectX\DxLib_VC\プロジェクトに追加すべきファイル_VC用\DxLib.h(2821,1): warning C4819: ファイルは、現在のコード ページ (932) で表示できない文字を含んでいます。データの損失を防ぐために、ファイルを Unicode 形式で保存してください。
D:\Programing\DirectX\DxLib_VC\プロジェクトに追加すべきファイル_VC用\DxLib.h(2954,1): warning C4819: ファイルは、現在のコード ページ (932) で表示できない文字を含んでいます。データの損失を防ぐために、ファイルを Unicode 形式で保存してください。
D:\Programing\DirectX\DxLib_VC\プロジェクトに追加すべきファイル_VC用\DxLib.h(3064,1): warning C4819: ファイルは、現在のコード ページ (932) で表示できない文字を含んでいます。データの損失を防ぐために、ファイルを Unicode 形式で保存してください。
D:\Programing\DirectX\DxLib_VC\プロジェクトに追加すべきファイル_VC用\DxLib.h(3242,1): warning C4819: ファイルは、現在のコード ページ (932) で表示できない文字を含んでいます。データの損失を防ぐために、ファイルを Unicode 形式で保存してください。
D:\Programing\DirectX\DxLib_VC\プロジェクトに追加すべきファイル_VC用\DxLib.h(3381,1): warning C4819: ファイルは、現在のコード ページ (932) で表示できない文字を含んでいます。データの損失を防ぐために、ファイルを Unicode 形式で保存してください。
D:\Programing\DirectX\DxLib_VC\プロジェクトに追加すべきファイル_VC用\DxLib.h(3544,1): warning C4819: ファイルは、現在のコード ページ (932) で表示できない文字を含んでいます。データの損失を防ぐために、ファイルを Unicode 形式で保存してください。
D:\Programing\DirectX\DxLib_VC\プロジェクトに追加すべきファイル_VC用\DxLib.h(3735,1): warning C4819: ファイルは、現在のコード ページ (932) で表示できない文字を含んでいます。データの損失を防ぐために、ファイルを Unicode 形式で保存してください。
D:\Programing\DirectX\DxLib_VC\プロジェクトに追加すべきファイル_VC用\DxLib.h(3844,1): warning C4819: ファイルは、現在のコード ページ (932) で表示できない文字を含んでいます。データの損失を防ぐために、ファイルを Unicode 形式で保存してください。
D:\Programing\DirectX\DxLib_VC\プロジェクトに追加すべきファイル_VC用\DxLib.h(3931,1): warning C4819: ファイルは、現在のコード ページ (932) で表示できない文字を含んでいます。データの損失を防ぐために、ファイルを Unicode 形式で保存してください。
D:\Programing\DirectX\DxLib_VC\プロジェクトに追加すべきファイル_VC用\DxLib.h(4080,1): warning C4819: ファイルは、現在のコード ページ (932) で表示できない文字を含んでいます。データの損失を防ぐために、ファイルを Unicode 形式で保存してください。
D:\Programing\DirectX\DxLib_VC\プロジェクトに追加すべきファイル_VC用\DxLib.h(4586,1): warning C4819: ファイルは、現在のコード ページ (932) で表示できない文字を含んでいます。データの損失を防ぐために、ファイルを Unicode 形式で保存してください。
D:\Programing\DirectX\DxLib_VC\プロジェクトに追加すべきファイル_VC用\DxLib.h(4750,1): warning C4819: ファイルは、現在のコード ページ (932) で表示できない文字を含んでいます。データの損失を防ぐために、ファイルを Unicode 形式で保存してください。
D:\Programing\DirectX\DxLib_VC\プロジェクトに追加すべきファイル_VC用\DxLib.h(4917,1): warning C4819: ファイルは、現在のコード ページ (932) で表示できない文字を含んでいます。データの損失を防ぐために、ファイルを Unicode 形式で保存してください。
D:\Programing\DirectX\DxLib_VC\プロジェクトに追加すべきファイル_VC用\DxLib.h(5069,1): warning C4819: ファイルは、現在のコード ページ (932) で表示できない文字を含んでいます。データの損失を防ぐために、ファイルを Unicode 形式で保存してください。
D:\Programing\DirectX\DxLib_VC\プロジェクトに追加すべきファイル_VC用\DxLib.h(5258,1): warning C4819: ファイルは、現在のコード ページ (932) で表示できない文字を含んでいます。データの損失を防ぐために、ファイルを Unicode 形式で保存してください。
D:\Programing\DirectX\DxLib_VC\プロジェクトに追加すべきファイル_VC用\DxLib.h(5396,1): warning C4819: ファイルは、現在のコード ページ (932) で表示できない文字を含んでいます。データの損失を防ぐために、ファイルを Unicode 形式で保存してください。
D:\Programing\DirectX\DxLib_VC\プロジェクトに追加すべきファイル_VC用\DxLib.h(5581,1): warning C4819: ファイルは、現在のコード ページ (932) で表示できない文字を含んでいます。データの損失を防ぐために、ファイルを Unicode 形式で保存してください。
  fps.cpp
D:\Programing\DirectX\DxLib_VC\プロジェクトに追加すべきファイル_VC用\DxLib.h(1,1): warning C4819: ファイルは、現在のコード ページ (932) で表示できない文字を含んでいます。データの損失を防ぐために、ファイルを Unicode 形式で保存してください。
D:\Programing\DirectX\DxLib_VC\プロジェクトに追加すべきファイル_VC用\DxLib.h(406,1): warning C4819: ファイルは、現在のコード ページ (932) で表示できない文字を含んでいます。データの損失を防ぐために、ファイルを Unicode 形式で保存してください。
D:\Programing\DirectX\DxLib_VC\プロジェクトに追加すべきファイル_VC用\DxLib.h(803,1): warning C4819: ファイルは、現在のコード ページ (932) で表示できない文字を含んでいます。データの損失を防ぐために、ファイルを Unicode 形式で保存してください。
D:\Programing\DirectX\DxLib_VC\プロジェクトに追加すべきファイル_VC用\DxLib.h(1328,1): warning C4819: ファイルは、現在のコード ページ (932) で表示できない文字を含んでいます。データの損失を防ぐために、ファイルを Unicode 形式で保存してください。
D:\Programing\DirectX\DxLib_VC\プロジェクトに追加すべきファイル_VC用\DxLib.h(1842,1): warning C4819: ファイルは、現在のコード ページ (932) で表示できない文字を含んでいます。データの損失を防ぐために、ファイルを Unicode 形式で保存してください。
D:\Programing\DirectX\DxLib_VC\プロジェクトに追加すべきファイル_VC用\DxLib.h(2183,1): warning C4819: ファイルは、現在のコード ページ (932) で表示できない文字を含んでいます。データの損失を防ぐために、ファイルを Unicode 形式で保存してください。
D:\Programing\DirectX\DxLib_VC\プロジェクトに追加すべきファイル_VC用\DxLib.h(2377,1): warning C4819: ファイルは、現在のコード ページ (932) で表示できない文字を含んでいます。データの損失を防ぐために、ファイルを Unicode 形式で保存してください。
D:\Programing\DirectX\DxLib_VC\プロジェクトに追加すべきファイル_VC用\DxLib.h(2572,1): warning C4819: ファイルは、現在のコード ページ (932) で表示できない文字を含んでいます。データの損失を防ぐために、ファイルを Unicode 形式で保存してください。
D:\Programing\DirectX\DxLib_VC\プロジェクトに追加すべきファイル_VC用\DxLib.h(2716,1): warning C4819: ファイルは、現在のコード ページ (932) で表示できない文字を含んでいます。データの損失を防ぐために、ファイルを Unicode 形式で保存してください。
D:\Programing\DirectX\DxLib_VC\プロジェクトに追加すべきファイル_VC用\DxLib.h(2821,1): warning C4819: ファイルは、現在のコード ページ (932) で表示できない文字を含んでいます。データの損失を防ぐために、ファイルを Unicode 形式で保存してください。
D:\Programing\DirectX\DxLib_VC\プロジェクトに追加すべきファイル_VC用\DxLib.h(2954,1): warning C4819: ファイルは、現在のコード ページ (932) で表示できない文字を含んでいます。データの損失を防ぐために、ファイルを Unicode 形式で保存してください。
D:\Programing\DirectX\DxLib_VC\プロジェクトに追加すべきファイル_VC用\DxLib.h(3064,1): warning C4819: ファイルは、現在のコード ページ (932) で表示できない文字を含んでいます。データの損失を防ぐために、ファイルを Unicode 形式で保存してください。
D:\Programing\DirectX\DxLib_VC\プロジェクトに追加すべきファイル_VC用\DxLib.h(3242,1): warning C4819: ファイルは、現在のコード ページ (932) で表示できない文字を含んでいます。データの損失を防ぐために、ファイルを Unicode 形式で保存してください。
D:\Programing\DirectX\DxLib_VC\プロジェクトに追加すべきファイル_VC用\DxLib.h(3381,1): warning C4819: ファイルは、現在のコード ページ (932) で表示できない文字を含んでいます。データの損失を防ぐために、ファイルを Unicode 形式で保存してください。
D:\Programing\DirectX\DxLib_VC\プロジェクトに追加すべきファイル_VC用\DxLib.h(3544,1): warning C4819: ファイルは、現在のコード ページ (932) で表示できない文字を含んでいます。データの損失を防ぐために、ファイルを Unicode 形式で保存してください。
D:\Programing\DirectX\DxLib_VC\プロジェクトに追加すべきファイル_VC用\DxLib.h(3735,1): warning C4819: ファイルは、現在のコード ページ (932) で表示できない文字を含んでいます。データの損失を防ぐために、ファイルを Unicode 形式で保存してください。
D:\Programing\DirectX\DxLib_VC\プロジェクトに追加すべきファイル_VC用\DxLib.h(3844,1): warning C4819: ファイルは、現在のコード ページ (932) で表示できない文字を含んでいます。データの損失を防ぐために、ファイルを Unicode 形式で保存してください。
D:\Programing\DirectX\DxLib_VC\プロジェクトに追加すべきファイル_VC用\DxLib.h(3931,1): warning C4819: ファイルは、現在のコード ページ (932) で表示できない文字を含んでいます。データの損失を防ぐために、ファイルを Unicode 形式で保存してください。
D:\Programing\DirectX\DxLib_VC\プロジェクトに追加すべきファイル_VC用\DxLib.h(4080,1): warning C4819: ファイルは、現在のコード ページ (932) で表示できない文字を含んでいます。データの損失を防ぐために、ファイルを Unicode 形式で保存してください。
D:\Programing\DirectX\DxLib_VC\プロジェクトに追加すべきファイル_VC用\DxLib.h(4586,1): warning C4819: ファイルは、現在のコード ページ (932) で表示できない文字を含んでいます。データの損失を防ぐために、ファイルを Unicode 形式で保存してください。
D:\Programing\DirectX\DxLib_VC\プロジェクトに追加すべきファイル_VC用\DxLib.h(4750,1): warning C4819: ファイルは、現在のコード ページ (932) で表示できない文字を含んでいます。データの損失を防ぐために、ファイルを Unicode 形式で保存してください。
D:\Programing\DirectX\DxLib_VC\プロジェクトに追加すべきファイル_VC用\DxLib.h(4917,1): warning C4819: ファイルは、現在のコード ページ (932) で表示できない文字を含んでいます。データの損失を防ぐために、ファイルを Unicode 形式で保存してください。
D:\Programing\DirectX\DxLib_VC\プロジェクトに追加すべきファイル_VC用\DxLib.h(5069,1): warning C4819: ファイルは、現在のコード ページ (932) で表示できない文字を含んでいます。データの損失を防ぐために、ファイルを Unicode 形式で保存してください。
D:\Programing\DirectX\DxLib_VC\プロジェクトに追加すべきファイル_VC用\DxLib.h(5258,1): warning C4819: ファイルは、現在のコード ページ (932) で表示できない文字を含んでいます。データの損失を防ぐために、ファイルを Unicode 形式で保存してください。
D:\Programing\DirectX\DxLib_VC\プロジェクトに追加すべきファイル_VC用\DxLib.h(5396,1): warning C4819: ファイルは、現在のコード ページ (932) で表示できない文字を含んでいます。データの損失を防ぐために、ファイルを Unicode 形式で保存してください。
D:\Programing\DirectX\DxLib_VC\プロジェクトに追加すべきファイル_VC用\DxLib.h(5581,1): warning C4819: ファイルは、現在のコード ページ (932) で表示できない文字を含んでいます。データの損失を防ぐために、ファイルを Unicode 形式で保存してください。
D:\Programing\DirectX\DxLibProject\BlockOut\System\fps.h(22,2): warning C4091: 'typedef ': 変数が何も宣言されていないときは、'ST_FPS' の左辺を無視します。
D:\Programing\DirectX\DxLibProject\BlockOut\System\fps.cpp(42,24): warning C4244: '初期化中': 'LONGLONG' から 'float' への変換です。データが失われる可能性があります。
D:\Programing\DirectX\DxLibProject\BlockOut\System\fps.cpp(85,3): warning C4244: '=': 'float' から 'int' への変換です。データが失われる可能性があります。
D:\Programing\DirectX\DxLibProject\BlockOut\System\fps.h(9,30): warning C4244: '/=': 'const float' から 'int' への変換です。データが失われる可能性があります。
  key.cpp
D:\Programing\DirectX\DxLib_VC\プロジェクトに追加すべきファイル_VC用\DxLib.h(1,1): warning C4819: ファイルは、現在のコード ページ (932) で表示できない文字を含んでいます。データの損失を防ぐために、ファイルを Unicode 形式で保存してください。
D:\Programing\DirectX\DxLib_VC\プロジェクトに追加すべきファイル_VC用\DxLib.h(406,1): warning C4819: ファイルは、現在のコード ページ (932) で表示できない文字を含んでいます。データの損失を防ぐために、ファイルを Unicode 形式で保存してください。
D:\Programing\DirectX\DxLib_VC\プロジェクトに追加すべきファイル_VC用\DxLib.h(803,1): warning C4819: ファイルは、現在のコード ページ (932) で表示できない文字を含んでいます。データの損失を防ぐために、ファイルを Unicode 形式で保存してください。
D:\Programing\DirectX\DxLib_VC\プロジェクトに追加すべきファイル_VC用\DxLib.h(1328,1): warning C4819: ファイルは、現在のコード ページ (932) で表示できない文字を含んでいます。データの損失を防ぐために、ファイルを Unicode 形式で保存してください。
D:\Programing\DirectX\DxLib_VC\プロジェクトに追加すべきファイル_VC用\DxLib.h(1842,1): warning C4819: ファイルは、現在のコード ページ (932) で表示できない文字を含んでいます。データの損失を防ぐために、ファイルを Unicode 形式で保存してください。
D:\Programing\DirectX\DxLib_VC\プロジェクトに追加すべきファイル_VC用\DxLib.h(2183,1): warning C4819: ファイルは、現在のコード ページ (932) で表示できない文字を含んでいます。データの損失を防ぐために、ファイルを Unicode 形式で保存してください。
D:\Programing\DirectX\DxLib_VC\プロジェクトに追加すべきファイル_VC用\DxLib.h(2377,1): warning C4819: ファイルは、現在のコード ページ (932) で表示できない文字を含んでいます。データの損失を防ぐために、ファイルを Unicode 形式で保存してください。
D:\Programing\DirectX\DxLib_VC\プロジェクトに追加すべきファイル_VC用\DxLib.h(2572,1): warning C4819: ファイルは、現在のコード ページ (932) で表示できない文字を含んでいます。データの損失を防ぐために、ファイルを Unicode 形式で保存してください。
D:\Programing\DirectX\DxLib_VC\プロジェクトに追加すべきファイル_VC用\DxLib.h(2716,1): warning C4819: ファイルは、現在のコード ページ (932) で表示できない文字を含んでいます。データの損失を防ぐために、ファイルを Unicode 形式で保存してください。
D:\Programing\DirectX\DxLib_VC\プロジェクトに追加すべきファイル_VC用\DxLib.h(2821,1): warning C4819: ファイルは、現在のコード ページ (932) で表示できない文字を含んでいます。データの損失を防ぐために、ファイルを Unicode 形式で保存してください。
D:\Programing\DirectX\DxLib_VC\プロジェクトに追加すべきファイル_VC用\DxLib.h(2954,1): warning C4819: ファイルは、現在のコード ページ (932) で表示できない文字を含んでいます。データの損失を防ぐために、ファイルを Unicode 形式で保存してください。
D:\Programing\DirectX\DxLib_VC\プロジェクトに追加すべきファイル_VC用\DxLib.h(3064,1): warning C4819: ファイルは、現在のコード ページ (932) で表示できない文字を含んでいます。データの損失を防ぐために、ファイルを Unicode 形式で保存してください。
D:\Programing\DirectX\DxLib_VC\プロジェクトに追加すべきファイル_VC用\DxLib.h(3242,1): warning C4819: ファイルは、現在のコード ページ (932) で表示できない文字を含んでいます。データの損失を防ぐために、ファイルを Unicode 形式で保存してください。
D:\Programing\DirectX\DxLib_VC\プロジェクトに追加すべきファイル_VC用\DxLib.h(3381,1): warning C4819: ファイルは、現在のコード ページ (932) で表示できない文字を含んでいます。データの損失を防ぐために、ファイルを Unicode 形式で保存してください。
D:\Programing\DirectX\DxLib_VC\プロジェクトに追加すべきファイル_VC用\DxLib.h(3544,1): warning C4819: ファイルは、現在のコード ページ (932) で表示できない文字を含んでいます。データの損失を防ぐために、ファイルを Unicode 形式で保存してください。
D:\Programing\DirectX\DxLib_VC\プロジェクトに追加すべきファイル_VC用\DxLib.h(3735,1): warning C4819: ファイルは、現在のコード ページ (932) で表示できない文字を含んでいます。データの損失を防ぐために、ファイルを Unicode 形式で保存してください。
D:\Programing\DirectX\DxLib_VC\プロジェクトに追加すべきファイル_VC用\DxLib.h(3844,1): warning C4819: ファイルは、現在のコード ページ (932) で表示できない文字を含んでいます。データの損失を防ぐために、ファイルを Unicode 形式で保存してください。
D:\Programing\DirectX\DxLib_VC\プロジェクトに追加すべきファイル_VC用\DxLib.h(3931,1): warning C4819: ファイルは、現在のコード ページ (932) で表示できない文字を含んでいます。データの損失を防ぐために、ファイルを Unicode 形式で保存してください。
D:\Programing\DirectX\DxLib_VC\プロジェクトに追加すべきファイル_VC用\DxLib.h(4080,1): warning C4819: ファイルは、現在のコード ページ (932) で表示できない文字を含んでいます。データの損失を防ぐために、ファイルを Unicode 形式で保存してください。
D:\Programing\DirectX\DxLib_VC\プロジェクトに追加すべきファイル_VC用\DxLib.h(4586,1): warning C4819: ファイルは、現在のコード ページ (932) で表示できない文字を含んでいます。データの損失を防ぐために、ファイルを Unicode 形式で保存してください。
D:\Programing\DirectX\DxLib_VC\プロジェクトに追加すべきファイル_VC用\DxLib.h(4750,1): warning C4819: ファイルは、現在のコード ページ (932) で表示できない文字を含んでいます。データの損失を防ぐために、ファイルを Unicode 形式で保存してください。
D:\Programing\DirectX\DxLib_VC\プロジェクトに追加すべきファイル_VC用\DxLib.h(4917,1): warning C4819: ファイルは、現在のコード ページ (932) で表示できない文字を含んでいます。データの損失を防ぐために、ファイルを Unicode 形式で保存してください。
D:\Programing\DirectX\DxLib_VC\プロジェクトに追加すべきファイル_VC用\DxLib.h(5069,1): warning C4819: ファイルは、現在のコード ページ (932) で表示できない文字を含んでいます。データの損失を防ぐために、ファイルを Unicode 形式で保存してください。
D:\Programing\DirectX\DxLib_VC\プロジェクトに追加すべきファイル_VC用\DxLib.h(5258,1): warning C4819: ファイルは、現在のコード ページ (932) で表示できない文字を含んでいます。データの損失を防ぐために、ファイルを Unicode 形式で保存してください。
D:\Programing\DirectX\DxLib_VC\プロジェクトに追加すべきファイル_VC用\DxLib.h(5396,1): warning C4819: ファイルは、現在のコード ページ (932) で表示できない文字を含んでいます。データの損失を防ぐために、ファイルを Unicode 形式で保存してください。
D:\Programing\DirectX\DxLib_VC\プロジェクトに追加すべきファイル_VC用\DxLib.h(5581,1): warning C4819: ファイルは、現在のコード ページ (932) で表示できない文字を含んでいます。データの損失を防ぐために、ファイルを Unicode 形式で保存してください。
  mouse.cpp
D:\Programing\DirectX\DxLib_VC\プロジェクトに追加すべきファイル_VC用\DxLib.h(1,1): warning C4819: ファイルは、現在のコード ページ (932) で表示できない文字を含んでいます。データの損失を防ぐために、ファイルを Unicode 形式で保存してください。
D:\Programing\DirectX\DxLib_VC\プロジェクトに追加すべきファイル_VC用\DxLib.h(406,1): warning C4819: ファイルは、現在のコード ページ (932) で表示できない文字を含んでいます。データの損失を防ぐために、ファイルを Unicode 形式で保存してください。
D:\Programing\DirectX\DxLib_VC\プロジェクトに追加すべきファイル_VC用\DxLib.h(803,1): warning C4819: ファイルは、現在のコード ページ (932) で表示できない文字を含んでいます。データの損失を防ぐために、ファイルを Unicode 形式で保存してください。
D:\Programing\DirectX\DxLib_VC\プロジェクトに追加すべきファイル_VC用\DxLib.h(1328,1): warning C4819: ファイルは、現在のコード ページ (932) で表示できない文字を含んでいます。データの損失を防ぐために、ファイルを Unicode 形式で保存してください。
D:\Programing\DirectX\DxLib_VC\プロジェクトに追加すべきファイル_VC用\DxLib.h(1842,1): warning C4819: ファイルは、現在のコード ページ (932) で表示できない文字を含んでいます。データの損失を防ぐために、ファイルを Unicode 形式で保存してください。
D:\Programing\DirectX\DxLib_VC\プロジェクトに追加すべきファイル_VC用\DxLib.h(2183,1): warning C4819: ファイルは、現在のコード ページ (932) で表示できない文字を含んでいます。データの損失を防ぐために、ファイルを Unicode 形式で保存してください。
D:\Programing\DirectX\DxLib_VC\プロジェクトに追加すべきファイル_VC用\DxLib.h(2377,1): warning C4819: ファイルは、現在のコード ページ (932) で表示できない文字を含んでいます。データの損失を防ぐために、ファイルを Unicode 形式で保存してください。
D:\Programing\DirectX\DxLib_VC\プロジェクトに追加すべきファイル_VC用\DxLib.h(2572,1): warning C4819: ファイルは、現在のコード ページ (932) で表示できない文字を含んでいます。データの損失を防ぐために、ファイルを Unicode 形式で保存してください。
D:\Programing\DirectX\DxLib_VC\プロジェクトに追加すべきファイル_VC用\DxLib.h(2716,1): warning C4819: ファイルは、現在のコード ページ (932) で表示できない文字を含んでいます。データの損失を防ぐために、ファイルを Unicode 形式で保存してください。
D:\Programing\DirectX\DxLib_VC\プロジェクトに追加すべきファイル_VC用\DxLib.h(2821,1): warning C4819: ファイルは、現在のコード ページ (932) で表示できない文字を含んでいます。データの損失を防ぐために、ファイルを Unicode 形式で保存してください。
D:\Programing\DirectX\DxLib_VC\プロジェクトに追加すべきファイル_VC用\DxLib.h(2954,1): warning C4819: ファイルは、現在のコード ページ (932) で表示できない文字を含んでいます。データの損失を防ぐために、ファイルを Unicode 形式で保存してください。
D:\Programing\DirectX\DxLib_VC\プロジェクトに追加すべきファイル_VC用\DxLib.h(3064,1): warning C4819: ファイルは、現在のコード ページ (932) で表示できない文字を含んでいます。データの損失を防ぐために、ファイルを Unicode 形式で保存してください。
D:\Programing\DirectX\DxLib_VC\プロジェクトに追加すべきファイル_VC用\DxLib.h(3242,1): warning C4819: ファイルは、現在のコード ページ (932) で表示できない文字を含んでいます。データの損失を防ぐために、ファイルを Unicode 形式で保存してください。
D:\Programing\DirectX\DxLib_VC\プロジェクトに追加すべきファイル_VC用\DxLib.h(3381,1): warning C4819: ファイルは、現在のコード ページ (932) で表示できない文字を含んでいます。データの損失を防ぐために、ファイルを Unicode 形式で保存してください。
D:\Programing\DirectX\DxLib_VC\プロジェクトに追加すべきファイル_VC用\DxLib.h(3544,1): warning C4819: ファイルは、現在のコード ページ (932) で表示できない文字を含んでいます。データの損失を防ぐために、ファイルを Unicode 形式で保存してください。
D:\Programing\DirectX\DxLib_VC\プロジェクトに追加すべきファイル_VC用\DxLib.h(3735,1): warning C4819: ファイルは、現在のコード ページ (932) で表示できない文字を含んでいます。データの損失を防ぐために、ファイルを Unicode 形式で保存してください。
D:\Programing\DirectX\DxLib_VC\プロジェクトに追加すべきファイル_VC用\DxLib.h(3844,1): warning C4819: ファイルは、現在のコード ページ (932) で表示できない文字を含んでいます。データの損失を防ぐために、ファイルを Unicode 形式で保存してください。
D:\Programing\DirectX\DxLib_VC\プロジェクトに追加すべきファイル_VC用\DxLib.h(3931,1): warning C4819: ファイルは、現在のコード ページ (932) で表示できない文字を含んでいます。データの損失を防ぐために、ファイルを Unicode 形式で保存してください。
D:\Programing\DirectX\DxLib_VC\プロジェクトに追加すべきファイル_VC用\DxLib.h(4080,1): warning C4819: ファイルは、現在のコード ページ (932) で表示できない文字を含んでいます。データの損失を防ぐために、ファイルを Unicode 形式で保存してください。
D:\Programing\DirectX\DxLib_VC\プロジェクトに追加すべきファイル_VC用\DxLib.h(4586,1): warning C4819: ファイルは、現在のコード ページ (932) で表示できない文字を含んでいます。データの損失を防ぐために、ファイルを Unicode 形式で保存してください。
D:\Programing\DirectX\DxLib_VC\プロジェクトに追加すべきファイル_VC用\DxLib.h(4750,1): warning C4819: ファイルは、現在のコード ページ (932) で表示できない文字を含んでいます。データの損失を防ぐために、ファイルを Unicode 形式で保存してください。
D:\Programing\DirectX\DxLib_VC\プロジェクトに追加すべきファイル_VC用\DxLib.h(4917,1): warning C4819: ファイルは、現在のコード ページ (932) で表示できない文字を含んでいます。データの損失を防ぐために、ファイルを Unicode 形式で保存してください。
D:\Programing\DirectX\DxLib_VC\プロジェクトに追加すべきファイル_VC用\DxLib.h(5069,1): warning C4819: ファイルは、現在のコード ページ (932) で表示できない文字を含んでいます。データの損失を防ぐために、ファイルを Unicode 形式で保存してください。
D:\Programing\DirectX\DxLib_VC\プロジェクトに追加すべきファイル_VC用\DxLib.h(5258,1): warning C4819: ファイルは、現在のコード ページ (932) で表示できない文字を含んでいます。データの損失を防ぐために、ファイルを Unicode 形式で保存してください。
D:\Programing\DirectX\DxLib_VC\プロジェクトに追加すべきファイル_VC用\DxLib.h(5396,1): warning C4819: ファイルは、現在のコード ページ (932) で表示できない文字を含んでいます。データの損失を防ぐために、ファイルを Unicode 形式で保存してください。
D:\Programing\DirectX\DxLib_VC\プロジェクトに追加すべきファイル_VC用\DxLib.h(5581,1): warning C4819: ファイルは、現在のコード ページ (932) で表示できない文字を含んでいます。データの損失を防ぐために、ファイルを Unicode 形式で保存してください。
  music.cpp
D:\Programing\DirectX\DxLib_VC\プロジェクトに追加すべきファイル_VC用\DxLib.h(1,1): warning C4819: ファイルは、現在のコード ページ (932) で表示できない文字を含んでいます。データの損失を防ぐために、ファイルを Unicode 形式で保存してください。
D:\Programing\DirectX\DxLib_VC\プロジェクトに追加すべきファイル_VC用\DxLib.h(406,1): warning C4819: ファイルは、現在のコード ページ (932) で表示できない文字を含んでいます。データの損失を防ぐために、ファイルを Unicode 形式で保存してください。
D:\Programing\DirectX\DxLib_VC\プロジェクトに追加すべきファイル_VC用\DxLib.h(803,1): warning C4819: ファイルは、現在のコード ページ (932) で表示できない文字を含んでいます。データの損失を防ぐために、ファイルを Unicode 形式で保存してください。
D:\Programing\DirectX\DxLib_VC\プロジェクトに追加すべきファイル_VC用\DxLib.h(1328,1): warning C4819: ファイルは、現在のコード ページ (932) で表示できない文字を含んでいます。データの損失を防ぐために、ファイルを Unicode 形式で保存してください。
D:\Programing\DirectX\DxLib_VC\プロジェクトに追加すべきファイル_VC用\DxLib.h(1842,1): warning C4819: ファイルは、現在のコード ページ (932) で表示できない文字を含んでいます。データの損失を防ぐために、ファイルを Unicode 形式で保存してください。
D:\Programing\DirectX\DxLib_VC\プロジェクトに追加すべきファイル_VC用\DxLib.h(2183,1): warning C4819: ファイルは、現在のコード ページ (932) で表示できない文字を含んでいます。データの損失を防ぐために、ファイルを Unicode 形式で保存してください。
D:\Programing\DirectX\DxLib_VC\プロジェクトに追加すべきファイル_VC用\DxLib.h(2377,1): warning C4819: ファイルは、現在のコード ページ (932) で表示できない文字を含んでいます。データの損失を防ぐために、ファイルを Unicode 形式で保存してください。
D:\Programing\DirectX\DxLib_VC\プロジェクトに追加すべきファイル_VC用\DxLib.h(2572,1): warning C4819: ファイルは、現在のコード ページ (932) で表示できない文字を含んでいます。データの損失を防ぐために、ファイルを Unicode 形式で保存してください。
D:\Programing\DirectX\DxLib_VC\プロジェクトに追加すべきファイル_VC用\DxLib.h(2716,1): warning C4819: ファイルは、現在のコード ページ (932) で表示できない文字を含んでいます。データの損失を防ぐために、ファイルを Unicode 形式で保存してください。
D:\Programing\DirectX\DxLib_VC\プロジェクトに追加すべきファイル_VC用\DxLib.h(2821,1): warning C4819: ファイルは、現在のコード ページ (932) で表示できない文字を含んでいます。データの損失を防ぐために、ファイルを Unicode 形式で保存してください。
D:\Programing\DirectX\DxLib_VC\プロジェクトに追加すべきファイル_VC用\DxLib.h(2954,1): warning C4819: ファイルは、現在のコード ページ (932) で表示できない文字を含んでいます。データの損失を防ぐために、ファイルを Unicode 形式で保存してください。
D:\Programing\DirectX\DxLib_VC\プロジェクトに追加すべきファイル_VC用\DxLib.h(3064,1): warning C4819: ファイルは、現在のコード ページ (932) で表示できない文字を含んでいます。データの損失を防ぐために、ファイルを Unicode 形式で保存してください。
D:\Programing\DirectX\DxLib_VC\プロジェクトに追加すべきファイル_VC用\DxLib.h(3242,1): warning C4819: ファイルは、現在のコード ページ (932) で表示できない文字を含んでいます。データの損失を防ぐために、ファイルを Unicode 形式で保存してください。
D:\Programing\DirectX\DxLib_VC\プロジェクトに追加すべきファイル_VC用\DxLib.h(3381,1): warning C4819: ファイルは、現在のコード ページ (932) で表示できない文字を含んでいます。データの損失を防ぐために、ファイルを Unicode 形式で保存してください。
D:\Programing\DirectX\DxLib_VC\プロジェクトに追加すべきファイル_VC用\DxLib.h(3544,1): warning C4819: ファイルは、現在のコード ページ (932) で表示できない文字を含んでいます。データの損失を防ぐために、ファイルを Unicode 形式で保存してください。
D:\Programing\DirectX\DxLib_VC\プロジェクトに追加すべきファイル_VC用\DxLib.h(3735,1): warning C4819: ファイルは、現在のコード ページ (932) で表示できない文字を含んでいます。データの損失を防ぐために、ファイルを Unicode 形式で保存してください。
D:\Programing\DirectX\DxLib_VC\プロジェクトに追加すべきファイル_VC用\DxLib.h(3844,1): warning C4819: ファイルは、現在のコード ページ (932) で表示できない文字を含んでいます。データの損失を防ぐために、ファイルを Unicode 形式で保存してください。
D:\Programing\DirectX\DxLib_VC\プロジェクトに追加すべきファイル_VC用\DxLib.h(3931,1): warning C4819: ファイルは、現在のコード ページ (932) で表示できない文字を含んでいます。データの損失を防ぐために、ファイルを Unicode 形式で保存してください。
D:\Programing\DirectX\DxLib_VC\プロジェクトに追加すべきファイル_VC用\DxLib.h(4080,1): warning C4819: ファイルは、現在のコード ページ (932) で表示できない文字を含んでいます。データの損失を防ぐために、ファイルを Unicode 形式で保存してください。
D:\Programing\DirectX\DxLib_VC\プロジェクトに追加すべきファイル_VC用\DxLib.h(4586,1): warning C4819: ファイルは、現在のコード ページ (932) で表示できない文字を含んでいます。データの損失を防ぐために、ファイルを Unicode 形式で保存してください。
D:\Programing\DirectX\DxLib_VC\プロジェクトに追加すべきファイル_VC用\DxLib.h(4750,1): warning C4819: ファイルは、現在のコード ページ (932) で表示できない文字を含んでいます。データの損失を防ぐために、ファイルを Unicode 形式で保存してください。
D:\Programing\DirectX\DxLib_VC\プロジェクトに追加すべきファイル_VC用\DxLib.h(4917,1): warning C4819: ファイルは、現在のコード ページ (932) で表示できない文字を含んでいます。データの損失を防ぐために、ファイルを Unicode 形式で保存してください。
D:\Programing\DirectX\DxLib_VC\プロジェクトに追加すべきファイル_VC用\DxLib.h(5069,1): warning C4819: ファイルは、現在のコード ページ (932) で表示できない文字を含んでいます。データの損失を防ぐために、ファイルを Unicode 形式で保存してください。
D:\Programing\DirectX\DxLib_VC\プロジェクトに追加すべきファイル_VC用\DxLib.h(5258,1): warning C4819: ファイルは、現在のコード ページ (932) で表示できない文字を含んでいます。データの損失を防ぐために、ファイルを Unicode 形式で保存してください。
D:\Programing\DirectX\DxLib_VC\プロジェクトに追加すべきファイル_VC用\DxLib.h(5396,1): warning C4819: ファイルは、現在のコード ページ (932) で表示できない文字を含んでいます。データの損失を防ぐために、ファイルを Unicode 形式で保存してください。
D:\Programing\DirectX\DxLib_VC\プロジェクトに追加すべきファイル_VC用\DxLib.h(5581,1): warning C4819: ファイルは、現在のコード ページ (932) で表示できない文字を含んでいます。データの損失を防ぐために、ファイルを Unicode 形式で保存してください。
D:\Programing\DirectX\DxLibProject\BlockOut\System\fps.h(22,2): warning C4091: 'typedef ': 変数が何も宣言されていないときは、'ST_FPS' の左辺を無視します。
D:\Programing\DirectX\DxLibProject\BlockOut\System\music.cpp(231,61): warning C4244: '=': 'float' から 'int' への変換です。データが失われる可能性があります。
D:\Programing\DirectX\DxLibProject\BlockOut\System\music.cpp(250,71): warning C4244: '引数': 'float' から 'int' への変換です。データが失われる可能性があります。
D:\Programing\DirectX\DxLibProject\BlockOut\System\music.cpp(272,63): warning C4244: '=': 'float' から 'int' への変換です。データが失われる可能性があります。
D:\Programing\DirectX\DxLibProject\BlockOut\System\music.cpp(291,81): warning C4244: '引数': 'float' から 'int' への変換です。データが失われる可能性があります。
  コードを生成中...
D:\Programing\DirectX\DxLibProject\BlockOut\System\font.cpp(49): warning C4715: 'FontInit': 値を返さないコントロール パスがあります。
  BlockOut.vcxproj -> D:\Programing\DirectX\DxLibProject\BlockOut\x64\Debug\BlockOut.exe
